module.js:327
    throw err;
    ^

Error: Cannot find module '/home/jeff/WebstormProjects/git-task/.tasks/server.js'
    at Function.Module._resolveFilename (module.js:325:15)
    at Function.Module._load (module.js:276:25)
    at Function.Module.runMain (module.js:441:10)
    at startup (node.js:139:18)
    at node.js:968:3
Calling git: git rev-parse --show-toplevel
/home/jeff/WebstormProjects/git-task
Server is now listening on localhost:16100...

/home/jeff/WebstormProjects/git-task/node_modules/git-task/lib/server.js:242
        this.serveFile(res, parsedUrl.pathname);
             ^

TypeError: this.serveFile is not a function
    at Server.GitTaskServer.requestReceived (/home/jeff/WebstormProjects/git-task/node_modules/git-task/lib/server.js:242:14)
    at emitTwo (events.js:87:13)
    at Server.emit (events.js:172:7)
    at HTTPParser.parserOnIncoming [as onIncoming] (_http_server.js:533:12)
    at HTTPParser.parserOnHeadersComplete (_http_common.js:103:23)
Calling git: git rev-parse --show-toplevel
/home/jeff/WebstormProjects/git-task
Server is now listening on localhost:16100...

GET: /.

GET: /jquery.js.

GET: /config.js.

GET: /common.js.

GET: /tasks_dashboard.js.

GET: /styles.css.

GET: /tasks/
Calling git: git status --porcelain "/home/jeff/WebstormProjects/git-task/.tasks/data"
M  .tasks/data/278e22c178d1a47b679cbecf349ff4c7aed490718f7d714f0d03993c2b8d5681
Calling git: git branch --no-color
* master

GET: /favicon.ico.
Invalid access to file '/home/jeff/WebstormProjects/git-task/.tasks//favicon.ico'.
Got SIGTERM signal. Exiting
Calling git: git rev-parse --show-toplevel
/home/jeff/WebstormProjects/git-task
Server is now listening on localhost:16100...

GET: /.

GET: /jquery.js.

GET: /config.js.

GET: /common.js.

GET: /tasks_dashboard.js.

GET: /styles.css.

GET: /tasks/
Calling git: git status --porcelain "/home/jeff/WebstormProjects/git-task/.tasks/data"
M  .tasks/data/278e22c178d1a47b679cbecf349ff4c7aed490718f7d714f0d03993c2b8d5681
Calling git: git branch --no-color
* master

GET: /favicon.ico.
Invalid access to file '/home/jeff/WebstormProjects/git-task/.tasks//favicon.ico'.
Got SIGTERM signal. Exiting
Calling git: git rev-parse --show-toplevel
/home/jeff/WebstormProjects/git-task
Server is now listening on localhost:16100...

GET: /.

GET: /jquery.js.

GET: /config.js.

GET: /common.js.

GET: /tasks_dashboard.js.

GET: /styles.css.

GET: /tasks/
Calling git: git status --porcelain "/home/jeff/WebstormProjects/git-task/.tasks/data"
M  .tasks/data/278e22c178d1a47b679cbecf349ff4c7aed490718f7d714f0d03993c2b8d5681
Calling git: git branch --no-color
* master

GET: /favicon.ico.
Invalid access to file '/home/jeff/WebstormProjects/git-task/.tasks//favicon.ico'.

GET: /.

GET: /jquery.js.

GET: /config.js.

GET: /common.js.

GET: /tasks_dashboard.js.

GET: /styles.css.

GET: /tasks/
Calling git: git status --porcelain "/home/jeff/WebstormProjects/git-task/.tasks/data"
M  .tasks/data/278e22c178d1a47b679cbecf349ff4c7aed490718f7d714f0d03993c2b8d5681
Calling git: git branch --no-color
* master

GET: /favicon.ico.
Invalid access to file '/home/jeff/WebstormProjects/git-task/.tasks//favicon.ico'.

POST: /tasks/
File '/home/jeff/WebstormProjects/git-task/.tasks/data/278e22c178d1a47b679cbecf349ff4c7aed490718f7d714f0d03993c2b8d5681' saved.
Calling git: git add --verbose "/home/jeff/WebstormProjects/git-task/.tasks/data/278e22c178d1a47b679cbecf349ff4c7aed490718f7d714f0d03993c2b8d5681"
add '.tasks/data/278e22c178d1a47b679cbecf349ff4c7aed490718f7d714f0d03993c2b8d5681'
Calling git: git status --porcelain "/home/jeff/WebstormProjects/git-task/.tasks/data/278e22c178d1a47b679cbecf349ff4c7aed490718f7d714f0d03993c2b8d5681"
M  .tasks/data/278e22c178d1a47b679cbecf349ff4c7aed490718f7d714f0d03993c2b8d5681

GET: /.

GET: /jquery.js.

GET: /config.js.

GET: /common.js.

GET: /tasks_dashboard.js.

GET: /styles.css.

GET: /tasks/
Calling git: git status --porcelain "/home/jeff/WebstormProjects/git-task/.tasks/data"
M  .tasks/data/278e22c178d1a47b679cbecf349ff4c7aed490718f7d714f0d03993c2b8d5681
Calling git: git branch --no-color
* master

GET: /favicon.ico.
Invalid access to file '/home/jeff/WebstormProjects/git-task/.tasks//favicon.ico'.

POST: /tasks/
File '/home/jeff/WebstormProjects/git-task/.tasks/data/189e397dd21802ce54ebef26bc0895a170c98de40e7c51123122c824056a4455' saved.
Calling git: git add --verbose "/home/jeff/WebstormProjects/git-task/.tasks/data/189e397dd21802ce54ebef26bc0895a170c98de40e7c51123122c824056a4455"
add '.tasks/data/189e397dd21802ce54ebef26bc0895a170c98de40e7c51123122c824056a4455'
Calling git: git status --porcelain "/home/jeff/WebstormProjects/git-task/.tasks/data/189e397dd21802ce54ebef26bc0895a170c98de40e7c51123122c824056a4455"
A  .tasks/data/189e397dd21802ce54ebef26bc0895a170c98de40e7c51123122c824056a4455

POST: /tasks/
File '/home/jeff/WebstormProjects/git-task/.tasks/data/189e397dd21802ce54ebef26bc0895a170c98de40e7c51123122c824056a4455' saved.
Calling git: git add --verbose "/home/jeff/WebstormProjects/git-task/.tasks/data/189e397dd21802ce54ebef26bc0895a170c98de40e7c51123122c824056a4455"
add '.tasks/data/189e397dd21802ce54ebef26bc0895a170c98de40e7c51123122c824056a4455'
Calling git: git status --porcelain "/home/jeff/WebstormProjects/git-task/.tasks/data/189e397dd21802ce54ebef26bc0895a170c98de40e7c51123122c824056a4455"
A  .tasks/data/189e397dd21802ce54ebef26bc0895a170c98de40e7c51123122c824056a4455

POST: /tasks/
File '/home/jeff/WebstormProjects/git-task/.tasks/data/189e397dd21802ce54ebef26bc0895a170c98de40e7c51123122c824056a4455' saved.
Calling git: git add --verbose "/home/jeff/WebstormProjects/git-task/.tasks/data/189e397dd21802ce54ebef26bc0895a170c98de40e7c51123122c824056a4455"
add '.tasks/data/189e397dd21802ce54ebef26bc0895a170c98de40e7c51123122c824056a4455'
Calling git: git status --porcelain "/home/jeff/WebstormProjects/git-task/.tasks/data/189e397dd21802ce54ebef26bc0895a170c98de40e7c51123122c824056a4455"
A  .tasks/data/189e397dd21802ce54ebef26bc0895a170c98de40e7c51123122c824056a4455

POST: /tasks/
File '/home/jeff/WebstormProjects/git-task/.tasks/data/189e397dd21802ce54ebef26bc0895a170c98de40e7c51123122c824056a4455' saved.
Calling git: git add --verbose "/home/jeff/WebstormProjects/git-task/.tasks/data/189e397dd21802ce54ebef26bc0895a170c98de40e7c51123122c824056a4455"
add '.tasks/data/189e397dd21802ce54ebef26bc0895a170c98de40e7c51123122c824056a4455'
Calling git: git status --porcelain "/home/jeff/WebstormProjects/git-task/.tasks/data/189e397dd21802ce54ebef26bc0895a170c98de40e7c51123122c824056a4455"
A  .tasks/data/189e397dd21802ce54ebef26bc0895a170c98de40e7c51123122c824056a4455

POST: /tasks/
File '/home/jeff/WebstormProjects/git-task/.tasks/data/278e22c178d1a47b679cbecf349ff4c7aed490718f7d714f0d03993c2b8d5681' saved.
Calling git: git add --verbose "/home/jeff/WebstormProjects/git-task/.tasks/data/278e22c178d1a47b679cbecf349ff4c7aed490718f7d714f0d03993c2b8d5681"
add '.tasks/data/278e22c178d1a47b679cbecf349ff4c7aed490718f7d714f0d03993c2b8d5681'
Calling git: git status --porcelain "/home/jeff/WebstormProjects/git-task/.tasks/data/278e22c178d1a47b679cbecf349ff4c7aed490718f7d714f0d03993c2b8d5681"
M  .tasks/data/278e22c178d1a47b679cbecf349ff4c7aed490718f7d714f0d03993c2b8d5681

POST: /tasks/
File '/home/jeff/WebstormProjects/git-task/.tasks/data/189e397dd21802ce54ebef26bc0895a170c98de40e7c51123122c824056a4455' saved.
Calling git: git add --verbose "/home/jeff/WebstormProjects/git-task/.tasks/data/189e397dd21802ce54ebef26bc0895a170c98de40e7c51123122c824056a4455"
add '.tasks/data/189e397dd21802ce54ebef26bc0895a170c98de40e7c51123122c824056a4455'
Calling git: git status --porcelain "/home/jeff/WebstormProjects/git-task/.tasks/data/189e397dd21802ce54ebef26bc0895a170c98de40e7c51123122c824056a4455"
A  .tasks/data/189e397dd21802ce54ebef26bc0895a170c98de40e7c51123122c824056a4455

GET: /.

GET: /jquery.js.

GET: /config.js.

GET: /common.js.

GET: /tasks_dashboard.js.

GET: /styles.css.

GET: /tasks/
Calling git: git status --porcelain "/home/jeff/WebstormProjects/git-task/.tasks/data"
A  .tasks/data/189e397dd21802ce54ebef26bc0895a170c98de40e7c51123122c824056a4455
M  .tasks/data/278e22c178d1a47b679cbecf349ff4c7aed490718f7d714f0d03993c2b8d5681
Calling git: git branch --no-color
* master

GET: /favicon.ico.
Invalid access to file '/home/jeff/WebstormProjects/git-task/.tasks//favicon.ico'.
Got SIGTERM signal. Exiting
Calling git: git rev-parse --show-toplevel
/home/jeff/WebstormProjects/git-task
Server is now listening on localhost:16100...

GET: /.

GET: /jquery.js.

GET: /config.js.

GET: /common.js.

GET: /tasks_dashboard.js.

GET: /styles.css.

GET: /tasks/
Calling git: git status --porcelain "/home/jeff/WebstormProjects/git-task/.tasks/data"
A  .tasks/data/189e397dd21802ce54ebef26bc0895a170c98de40e7c51123122c824056a4455
M  .tasks/data/278e22c178d1a47b679cbecf349ff4c7aed490718f7d714f0d03993c2b8d5681
Calling git: git branch --no-color
* master

GET: /favicon.ico.
Invalid access to file '/home/jeff/WebstormProjects/git-task/.tasks//favicon.ico'.

POST: /tasks/
File '/home/jeff/WebstormProjects/git-task/.tasks/data/189e397dd21802ce54ebef26bc0895a170c98de40e7c51123122c824056a4455' saved.
Calling git: git add --verbose "/home/jeff/WebstormProjects/git-task/.tasks/data/189e397dd21802ce54ebef26bc0895a170c98de40e7c51123122c824056a4455"
add '.tasks/data/189e397dd21802ce54ebef26bc0895a170c98de40e7c51123122c824056a4455'
Calling git: git status --porcelain "/home/jeff/WebstormProjects/git-task/.tasks/data/189e397dd21802ce54ebef26bc0895a170c98de40e7c51123122c824056a4455"
A  .tasks/data/189e397dd21802ce54ebef26bc0895a170c98de40e7c51123122c824056a4455

POST: /tasks/
File '/home/jeff/WebstormProjects/git-task/.tasks/data/189e397dd21802ce54ebef26bc0895a170c98de40e7c51123122c824056a4455' saved.
Calling git: git add --verbose "/home/jeff/WebstormProjects/git-task/.tasks/data/189e397dd21802ce54ebef26bc0895a170c98de40e7c51123122c824056a4455"
add '.tasks/data/189e397dd21802ce54ebef26bc0895a170c98de40e7c51123122c824056a4455'
Calling git: git status --porcelain "/home/jeff/WebstormProjects/git-task/.tasks/data/189e397dd21802ce54ebef26bc0895a170c98de40e7c51123122c824056a4455"
A  .tasks/data/189e397dd21802ce54ebef26bc0895a170c98de40e7c51123122c824056a4455

POST: /tasks/
File '/home/jeff/WebstormProjects/git-task/.tasks/data/278e22c178d1a47b679cbecf349ff4c7aed490718f7d714f0d03993c2b8d5681' saved.
Calling git: git add --verbose "/home/jeff/WebstormProjects/git-task/.tasks/data/278e22c178d1a47b679cbecf349ff4c7aed490718f7d714f0d03993c2b8d5681"
add '.tasks/data/278e22c178d1a47b679cbecf349ff4c7aed490718f7d714f0d03993c2b8d5681'
Calling git: git status --porcelain "/home/jeff/WebstormProjects/git-task/.tasks/data/278e22c178d1a47b679cbecf349ff4c7aed490718f7d714f0d03993c2b8d5681"
M  .tasks/data/278e22c178d1a47b679cbecf349ff4c7aed490718f7d714f0d03993c2b8d5681

POST: /tasks/
File '/home/jeff/WebstormProjects/git-task/.tasks/data/278e22c178d1a47b679cbecf349ff4c7aed490718f7d714f0d03993c2b8d5681' saved.
Calling git: git add --verbose "/home/jeff/WebstormProjects/git-task/.tasks/data/278e22c178d1a47b679cbecf349ff4c7aed490718f7d714f0d03993c2b8d5681"
add '.tasks/data/278e22c178d1a47b679cbecf349ff4c7aed490718f7d714f0d03993c2b8d5681'
Calling git: git status --porcelain "/home/jeff/WebstormProjects/git-task/.tasks/data/278e22c178d1a47b679cbecf349ff4c7aed490718f7d714f0d03993c2b8d5681"
M  .tasks/data/278e22c178d1a47b679cbecf349ff4c7aed490718f7d714f0d03993c2b8d5681

POST: /tasks/
File '/home/jeff/WebstormProjects/git-task/.tasks/data/189e397dd21802ce54ebef26bc0895a170c98de40e7c51123122c824056a4455' saved.
Calling git: git add --verbose "/home/jeff/WebstormProjects/git-task/.tasks/data/189e397dd21802ce54ebef26bc0895a170c98de40e7c51123122c824056a4455"
add '.tasks/data/189e397dd21802ce54ebef26bc0895a170c98de40e7c51123122c824056a4455'
Calling git: git status --porcelain "/home/jeff/WebstormProjects/git-task/.tasks/data/189e397dd21802ce54ebef26bc0895a170c98de40e7c51123122c824056a4455"
A  .tasks/data/189e397dd21802ce54ebef26bc0895a170c98de40e7c51123122c824056a4455

GET: /.

GET: /jquery.js.

GET: /config.js.

GET: /common.js.

GET: /tasks_dashboard.js.

GET: /styles.css.

GET: /tasks/
Calling git: git status --porcelain "/home/jeff/WebstormProjects/git-task/.tasks/data"

Calling git: git branch --no-color
* master

GET: /favicon.ico.
Invalid access to file '/home/jeff/WebstormProjects/git-task/.tasks//favicon.ico'.
Got SIGTERM signal. Exiting
Calling git: git rev-parse --show-toplevel
/home/jeff/WebstormProjects/git-task
Server is now listening on localhost:16100...

GET: /.

GET: /jquery.js.

GET: /config.js.

GET: /common.js.

GET: /tasks_dashboard.js.

GET: /styles.css.

GET: /tasks/
Calling git: git status --porcelain "/home/jeff/WebstormProjects/git-task/.tasks/data"

Calling git: git branch --no-color
* master

GET: /favicon.ico.
Invalid access to file '/home/jeff/WebstormProjects/git-task/.tasks//favicon.ico'.

POST: /tasks/
File '/home/jeff/WebstormProjects/git-task/.tasks/data/678aae03abad1afed4df3ffccfe703de3562635484b337fa92f1882c7bab4677' saved.
Calling git: git add --verbose "/home/jeff/WebstormProjects/git-task/.tasks/data/678aae03abad1afed4df3ffccfe703de3562635484b337fa92f1882c7bab4677"
add '.tasks/data/678aae03abad1afed4df3ffccfe703de3562635484b337fa92f1882c7bab4677'
Calling git: git status --porcelain "/home/jeff/WebstormProjects/git-task/.tasks/data/678aae03abad1afed4df3ffccfe703de3562635484b337fa92f1882c7bab4677"
A  .tasks/data/678aae03abad1afed4df3ffccfe703de3562635484b337fa92f1882c7bab4677

POST: /tasks/
File '/home/jeff/WebstormProjects/git-task/.tasks/data/678aae03abad1afed4df3ffccfe703de3562635484b337fa92f1882c7bab4677' saved.
Calling git: git add --verbose "/home/jeff/WebstormProjects/git-task/.tasks/data/678aae03abad1afed4df3ffccfe703de3562635484b337fa92f1882c7bab4677"
add '.tasks/data/678aae03abad1afed4df3ffccfe703de3562635484b337fa92f1882c7bab4677'
Calling git: git status --porcelain "/home/jeff/WebstormProjects/git-task/.tasks/data/678aae03abad1afed4df3ffccfe703de3562635484b337fa92f1882c7bab4677"
A  .tasks/data/678aae03abad1afed4df3ffccfe703de3562635484b337fa92f1882c7bab4677

POST: /tasks/
File '/home/jeff/WebstormProjects/git-task/.tasks/data/678aae03abad1afed4df3ffccfe703de3562635484b337fa92f1882c7bab4677' saved.
Calling git: git add --verbose "/home/jeff/WebstormProjects/git-task/.tasks/data/678aae03abad1afed4df3ffccfe703de3562635484b337fa92f1882c7bab4677"
add '.tasks/data/678aae03abad1afed4df3ffccfe703de3562635484b337fa92f1882c7bab4677'
Calling git: git status --porcelain "/home/jeff/WebstormProjects/git-task/.tasks/data/678aae03abad1afed4df3ffccfe703de3562635484b337fa92f1882c7bab4677"
A  .tasks/data/678aae03abad1afed4df3ffccfe703de3562635484b337fa92f1882c7bab4677

POST: /tasks/
File '/home/jeff/WebstormProjects/git-task/.tasks/data/678aae03abad1afed4df3ffccfe703de3562635484b337fa92f1882c7bab4677' saved.
Calling git: git add --verbose "/home/jeff/WebstormProjects/git-task/.tasks/data/678aae03abad1afed4df3ffccfe703de3562635484b337fa92f1882c7bab4677"
add '.tasks/data/678aae03abad1afed4df3ffccfe703de3562635484b337fa92f1882c7bab4677'
Calling git: git status --porcelain "/home/jeff/WebstormProjects/git-task/.tasks/data/678aae03abad1afed4df3ffccfe703de3562635484b337fa92f1882c7bab4677"
A  .tasks/data/678aae03abad1afed4df3ffccfe703de3562635484b337fa92f1882c7bab4677
Got SIGTERM signal. Exiting
Calling git: git rev-parse --show-toplevel
/home/jeff/WebstormProjects/git-task
Server is now listening on localhost:16100...

GET: /.

GET: /jquery.js.

GET: /config.js.

GET: /common.js.

GET: /tasks_dashboard.js.

GET: /styles.css.

GET: /tasks/
Calling git: git status --porcelain "/home/jeff/WebstormProjects/git-task/.tasks/data"
A  .tasks/data/678aae03abad1afed4df3ffccfe703de3562635484b337fa92f1882c7bab4677
Calling git: git branch --no-color
* master

GET: /favicon.ico.
Invalid access to file '/home/jeff/WebstormProjects/git-task/.tasks//favicon.ico'.

POST: /tasks/
File '/home/jeff/WebstormProjects/git-task/.tasks/data/678aae03abad1afed4df3ffccfe703de3562635484b337fa92f1882c7bab4677' saved.
Calling git: git add --verbose "/home/jeff/WebstormProjects/git-task/.tasks/data/678aae03abad1afed4df3ffccfe703de3562635484b337fa92f1882c7bab4677"
add '.tasks/data/678aae03abad1afed4df3ffccfe703de3562635484b337fa92f1882c7bab4677'
Calling git: git status --porcelain "/home/jeff/WebstormProjects/git-task/.tasks/data/678aae03abad1afed4df3ffccfe703de3562635484b337fa92f1882c7bab4677"
A  .tasks/data/678aae03abad1afed4df3ffccfe703de3562635484b337fa92f1882c7bab4677

POST: /tasks/
File '/home/jeff/WebstormProjects/git-task/.tasks/data/678aae03abad1afed4df3ffccfe703de3562635484b337fa92f1882c7bab4677' saved.
Calling git: git add --verbose "/home/jeff/WebstormProjects/git-task/.tasks/data/678aae03abad1afed4df3ffccfe703de3562635484b337fa92f1882c7bab4677"
add '.tasks/data/678aae03abad1afed4df3ffccfe703de3562635484b337fa92f1882c7bab4677'
Calling git: git status --porcelain "/home/jeff/WebstormProjects/git-task/.tasks/data/678aae03abad1afed4df3ffccfe703de3562635484b337fa92f1882c7bab4677"
A  .tasks/data/678aae03abad1afed4df3ffccfe703de3562635484b337fa92f1882c7bab4677

GET: /.

GET: /jquery.js.

GET: /config.js.

GET: /common.js.

GET: /tasks_dashboard.js.

GET: /styles.css.

GET: /tasks/
Calling git: git status --porcelain "/home/jeff/WebstormProjects/git-task/.tasks/data"
A  .tasks/data/678aae03abad1afed4df3ffccfe703de3562635484b337fa92f1882c7bab4677
Calling git: git branch --no-color
* master

GET: /favicon.ico.
Invalid access to file '/home/jeff/WebstormProjects/git-task/.tasks//favicon.ico'.
